[0.144s] DEBUG:colcon:Command line arguments: ['/usr/bin/colcon', 'build', '--packages-select', 'robo_control']
[0.144s] DEBUG:colcon:Parsed command line arguments: Namespace(log_base=None, log_level=None, verb_name='build', build_base='build', install_base='install', merge_install=False, symlink_install=False, test_result_base=None, continue_on_error=False, executor='parallel', parallel_workers=4, event_handlers=None, ignore_user_meta=False, metas=['./colcon.meta'], base_paths=['.'], packages_ignore=None, packages_ignore_regex=None, paths=None, packages_up_to=None, packages_up_to_regex=None, packages_above=None, packages_above_and_dependencies=None, packages_above_depth=None, packages_select_by_dep=None, packages_skip_by_dep=None, packages_skip_up_to=None, packages_select_build_failed=False, packages_skip_build_finished=False, packages_select_test_failures=False, packages_skip_test_passed=False, packages_select=['robo_control'], packages_skip=None, packages_select_regex=None, packages_skip_regex=None, packages_start=None, packages_end=None, allow_overriding=[], cmake_args=None, cmake_target=None, cmake_target_skip_unavailable=False, cmake_clean_cache=False, cmake_clean_first=False, cmake_force_configure=False, ament_cmake_args=None, catkin_cmake_args=None, catkin_skip_building_tests=False, verb_parser=<colcon_defaults.argument_parser.defaults.DefaultArgumentsDecorator object at 0x7084e3c60640>, verb_extension=<colcon_core.verb.build.BuildVerb object at 0x7084e3d61ab0>, main=<bound method BuildVerb.main of <colcon_core.verb.build.BuildVerb object at 0x7084e3d61ab0>>)
[0.383s] Level 1:colcon.colcon_core.package_discovery:discover_packages(colcon_meta) check parameters
[0.383s] Level 1:colcon.colcon_core.package_discovery:discover_packages(recursive) check parameters
[0.383s] Level 1:colcon.colcon_core.package_discovery:discover_packages(ignore) check parameters
[0.383s] Level 1:colcon.colcon_core.package_discovery:discover_packages(path) check parameters
[0.383s] Level 1:colcon.colcon_core.package_discovery:discover_packages(colcon_meta) discover
[0.383s] Level 1:colcon.colcon_core.package_discovery:discover_packages(recursive) discover
[0.383s] INFO:colcon.colcon_core.package_discovery:Crawling recursively for packages in '/home/user/robo'
[0.384s] Level 1:colcon.colcon_core.package_identification:_identify(.) by extensions ['ignore', 'ignore_ament_install']
[0.384s] Level 1:colcon.colcon_core.package_identification:_identify(.) by extension 'ignore'
[0.384s] Level 1:colcon.colcon_core.package_identification:_identify(.) by extension 'ignore_ament_install'
[0.384s] Level 1:colcon.colcon_core.package_identification:_identify(.) by extensions ['colcon_pkg']
[0.384s] Level 1:colcon.colcon_core.package_identification:_identify(.) by extension 'colcon_pkg'
[0.384s] Level 1:colcon.colcon_core.package_identification:_identify(.) by extensions ['colcon_meta']
[0.384s] Level 1:colcon.colcon_core.package_identification:_identify(.) by extension 'colcon_meta'
[0.384s] Level 1:colcon.colcon_core.package_identification:_identify(.) by extensions ['ros']
[0.384s] Level 1:colcon.colcon_core.package_identification:_identify(.) by extension 'ros'
[0.401s] Level 1:colcon.colcon_core.package_identification:_identify(.) by extensions ['cmake', 'python']
[0.402s] Level 1:colcon.colcon_core.package_identification:_identify(.) by extension 'cmake'
[0.402s] Level 1:colcon.colcon_core.package_identification:_identify(.) by extension 'python'
[0.403s] Level 1:colcon.colcon_core.package_identification:_identify(.) by extensions ['python_setup_py']
[0.403s] Level 1:colcon.colcon_core.package_identification:_identify(.) by extension 'python_setup_py'
[0.403s] Level 1:colcon.colcon_core.package_identification:_identify(build) by extensions ['ignore', 'ignore_ament_install']
[0.403s] Level 1:colcon.colcon_core.package_identification:_identify(build) by extension 'ignore'
[0.403s] Level 1:colcon.colcon_core.package_identification:_identify(build) ignored
[0.403s] Level 1:colcon.colcon_core.package_identification:_identify(install) by extensions ['ignore', 'ignore_ament_install']
[0.403s] Level 1:colcon.colcon_core.package_identification:_identify(install) by extension 'ignore'
[0.403s] Level 1:colcon.colcon_core.package_identification:_identify(install) ignored
[0.404s] Level 1:colcon.colcon_core.package_identification:_identify(log) by extensions ['ignore', 'ignore_ament_install']
[0.404s] Level 1:colcon.colcon_core.package_identification:_identify(log) by extension 'ignore'
[0.404s] Level 1:colcon.colcon_core.package_identification:_identify(log) ignored
[0.404s] Level 1:colcon.colcon_core.package_identification:_identify(src) by extensions ['ignore', 'ignore_ament_install']
[0.404s] Level 1:colcon.colcon_core.package_identification:_identify(src) by extension 'ignore'
[0.404s] Level 1:colcon.colcon_core.package_identification:_identify(src) by extension 'ignore_ament_install'
[0.404s] Level 1:colcon.colcon_core.package_identification:_identify(src) by extensions ['colcon_pkg']
[0.404s] Level 1:colcon.colcon_core.package_identification:_identify(src) by extension 'colcon_pkg'
[0.404s] Level 1:colcon.colcon_core.package_identification:_identify(src) by extensions ['colcon_meta']
[0.404s] Level 1:colcon.colcon_core.package_identification:_identify(src) by extension 'colcon_meta'
[0.404s] Level 1:colcon.colcon_core.package_identification:_identify(src) by extensions ['ros']
[0.404s] Level 1:colcon.colcon_core.package_identification:_identify(src) by extension 'ros'
[0.404s] Level 1:colcon.colcon_core.package_identification:_identify(src) by extensions ['cmake', 'python']
[0.404s] Level 1:colcon.colcon_core.package_identification:_identify(src) by extension 'cmake'
[0.405s] Level 1:colcon.colcon_core.package_identification:_identify(src) by extension 'python'
[0.405s] Level 1:colcon.colcon_core.package_identification:_identify(src) by extensions ['python_setup_py']
[0.405s] Level 1:colcon.colcon_core.package_identification:_identify(src) by extension 'python_setup_py'
[0.405s] Level 1:colcon.colcon_core.package_identification:_identify(src/robo_control) by extensions ['ignore', 'ignore_ament_install']
[0.405s] Level 1:colcon.colcon_core.package_identification:_identify(src/robo_control) by extension 'ignore'
[0.405s] Level 1:colcon.colcon_core.package_identification:_identify(src/robo_control) by extension 'ignore_ament_install'
[0.405s] Level 1:colcon.colcon_core.package_identification:_identify(src/robo_control) by extensions ['colcon_pkg']
[0.405s] Level 1:colcon.colcon_core.package_identification:_identify(src/robo_control) by extension 'colcon_pkg'
[0.405s] Level 1:colcon.colcon_core.package_identification:_identify(src/robo_control) by extensions ['colcon_meta']
[0.405s] Level 1:colcon.colcon_core.package_identification:_identify(src/robo_control) by extension 'colcon_meta'
[0.405s] Level 1:colcon.colcon_core.package_identification:_identify(src/robo_control) by extensions ['ros']
[0.405s] Level 1:colcon.colcon_core.package_identification:_identify(src/robo_control) by extension 'ros'
[0.408s] DEBUG:colcon.colcon_core.package_identification:Package 'src/robo_control' with type 'ros.ament_cmake' and name 'robo_control'
[0.409s] Level 1:colcon.colcon_core.package_discovery:discover_packages(recursive) using defaults
[0.409s] Level 1:colcon.colcon_core.package_discovery:discover_packages(ignore) discover
[0.409s] Level 1:colcon.colcon_core.package_discovery:discover_packages(ignore) using defaults
[0.409s] Level 1:colcon.colcon_core.package_discovery:discover_packages(path) discover
[0.409s] Level 1:colcon.colcon_core.package_discovery:discover_packages(path) using defaults
[0.434s] Level 1:colcon.colcon_core.package_discovery:discover_packages(prefix_path) check parameters
[0.434s] Level 1:colcon.colcon_core.package_discovery:discover_packages(prefix_path) discover
[0.436s] DEBUG:colcon.colcon_installed_package_information.package_discovery:Found 1 installed packages in /home/user/robo/install
[0.439s] DEBUG:colcon.colcon_installed_package_information.package_discovery:Found 417 installed packages in /opt/ros/humble
[0.453s] Level 1:colcon.colcon_core.package_discovery:discover_packages(prefix_path) using defaults
[0.512s] Level 5:colcon.colcon_core.verb:set package 'robo_control' build argument 'cmake_args' from command line to 'None'
[0.512s] Level 5:colcon.colcon_core.verb:set package 'robo_control' build argument 'cmake_target' from command line to 'None'
[0.512s] Level 5:colcon.colcon_core.verb:set package 'robo_control' build argument 'cmake_target_skip_unavailable' from command line to 'False'
[0.512s] Level 5:colcon.colcon_core.verb:set package 'robo_control' build argument 'cmake_clean_cache' from command line to 'False'
[0.512s] Level 5:colcon.colcon_core.verb:set package 'robo_control' build argument 'cmake_clean_first' from command line to 'False'
[0.512s] Level 5:colcon.colcon_core.verb:set package 'robo_control' build argument 'cmake_force_configure' from command line to 'False'
[0.512s] Level 5:colcon.colcon_core.verb:set package 'robo_control' build argument 'ament_cmake_args' from command line to 'None'
[0.512s] Level 5:colcon.colcon_core.verb:set package 'robo_control' build argument 'catkin_cmake_args' from command line to 'None'
[0.512s] Level 5:colcon.colcon_core.verb:set package 'robo_control' build argument 'catkin_skip_building_tests' from command line to 'False'
[0.512s] DEBUG:colcon.colcon_core.verb:Building package 'robo_control' with the following arguments: {'ament_cmake_args': None, 'build_base': '/home/user/robo/build/robo_control', 'catkin_cmake_args': None, 'catkin_skip_building_tests': False, 'cmake_args': None, 'cmake_clean_cache': False, 'cmake_clean_first': False, 'cmake_force_configure': False, 'cmake_target': None, 'cmake_target_skip_unavailable': False, 'install_base': '/home/user/robo/install/robo_control', 'merge_install': False, 'path': '/home/user/robo/src/robo_control', 'symlink_install': False, 'test_result_base': None}
[0.512s] INFO:colcon.colcon_core.executor:Executing jobs using 'parallel' executor
[0.513s] DEBUG:colcon.colcon_parallel_executor.executor.parallel:run_until_complete
[0.514s] INFO:colcon.colcon_ros.task.ament_cmake.build:Building ROS package in '/home/user/robo/src/robo_control' with build type 'ament_cmake'
[0.514s] INFO:colcon.colcon_cmake.task.cmake.build:Building CMake package in '/home/user/robo/src/robo_control'
[0.517s] INFO:colcon.colcon_core.plugin_system:Skipping extension 'colcon_core.shell.bat': Not used on non-Windows systems
[0.517s] INFO:colcon.colcon_core.shell:Skip shell extension 'powershell' for command environment: Not usable outside of PowerShell
[0.517s] DEBUG:colcon.colcon_core.shell:Skip shell extension 'dsv' for command environment
[0.539s] DEBUG:colcon.colcon_core.event_handler.log_command:Invoking command in '/home/user/robo/build/robo_control': CMAKE_PREFIX_PATH=${CMAKE_PREFIX_PATH}:/opt/ros/humble /usr/bin/cmake --build /home/user/robo/build/robo_control -- -j4 -l4
[5.909s] DEBUG:colcon.colcon_core.event_handler.log_command:Invoked command in '/home/user/robo/build/robo_control' returned '0': CMAKE_PREFIX_PATH=${CMAKE_PREFIX_PATH}:/opt/ros/humble /usr/bin/cmake --build /home/user/robo/build/robo_control -- -j4 -l4
[5.921s] DEBUG:colcon.colcon_core.event_handler.log_command:Invoking command in '/home/user/robo/build/robo_control': CMAKE_PREFIX_PATH=${CMAKE_PREFIX_PATH}:/opt/ros/humble /usr/bin/cmake --install /home/user/robo/build/robo_control
[5.938s] Level 1:colcon.colcon_core.environment:create_environment_scripts_only(robo_control)
[5.939s] DEBUG:colcon.colcon_core.event_handler.log_command:Invoked command in '/home/user/robo/build/robo_control' returned '0': CMAKE_PREFIX_PATH=${CMAKE_PREFIX_PATH}:/opt/ros/humble /usr/bin/cmake --install /home/user/robo/build/robo_control
[5.947s] Level 1:colcon.colcon_core.environment:checking '/home/user/robo/install/robo_control' for CMake module files
[5.947s] Level 1:colcon.colcon_core.environment:checking '/home/user/robo/install/robo_control' for CMake config files
[5.947s] Level 1:colcon.colcon_core.shell:create_environment_hook('robo_control', 'cmake_prefix_path')
[5.948s] INFO:colcon.colcon_core.shell:Creating environment hook '/home/user/robo/install/robo_control/share/robo_control/hook/cmake_prefix_path.ps1'
[5.948s] INFO:colcon.colcon_core.shell:Creating environment descriptor '/home/user/robo/install/robo_control/share/robo_control/hook/cmake_prefix_path.dsv'
[5.949s] INFO:colcon.colcon_core.shell:Creating environment hook '/home/user/robo/install/robo_control/share/robo_control/hook/cmake_prefix_path.sh'
[5.950s] Level 1:colcon.colcon_core.environment:checking '/home/user/robo/install/robo_control/lib'
[5.951s] Level 1:colcon.colcon_core.shell:create_environment_hook('robo_control', 'ld_library_path_lib')
[5.951s] INFO:colcon.colcon_core.shell:Creating environment hook '/home/user/robo/install/robo_control/share/robo_control/hook/ld_library_path_lib.ps1'
[5.951s] INFO:colcon.colcon_core.shell:Creating environment descriptor '/home/user/robo/install/robo_control/share/robo_control/hook/ld_library_path_lib.dsv'
[5.952s] INFO:colcon.colcon_core.shell:Creating environment hook '/home/user/robo/install/robo_control/share/robo_control/hook/ld_library_path_lib.sh'
[5.952s] Level 1:colcon.colcon_core.environment:checking '/home/user/robo/install/robo_control/bin'
[5.953s] Level 1:colcon.colcon_core.environment:checking '/home/user/robo/install/robo_control/lib/pkgconfig/robo_control.pc'
[5.953s] Level 1:colcon.colcon_core.environment:checking '/home/user/robo/install/robo_control/lib/python3.10/site-packages'
[5.953s] Level 1:colcon.colcon_core.environment:checking '/home/user/robo/install/robo_control/bin'
[5.953s] INFO:colcon.colcon_core.shell:Creating package script '/home/user/robo/install/robo_control/share/robo_control/package.ps1'
[5.955s] INFO:colcon.colcon_core.shell:Creating package descriptor '/home/user/robo/install/robo_control/share/robo_control/package.dsv'
[5.956s] INFO:colcon.colcon_core.shell:Creating package script '/home/user/robo/install/robo_control/share/robo_control/package.sh'
[5.957s] INFO:colcon.colcon_core.shell:Creating package script '/home/user/robo/install/robo_control/share/robo_control/package.bash'
[5.959s] INFO:colcon.colcon_core.shell:Creating package script '/home/user/robo/install/robo_control/share/robo_control/package.zsh'
[5.961s] Level 1:colcon.colcon_core.environment:create_file_with_runtime_dependencies(/home/user/robo/install/robo_control/share/colcon-core/packages/robo_control)
[5.962s] Level 1:colcon.colcon_core.environment:create_environment_scripts_only(robo_control)
[5.962s] Level 1:colcon.colcon_core.environment:checking '/home/user/robo/install/robo_control' for CMake module files
[5.962s] Level 1:colcon.colcon_core.environment:checking '/home/user/robo/install/robo_control' for CMake config files
[5.963s] Level 1:colcon.colcon_core.shell:create_environment_hook('robo_control', 'cmake_prefix_path')
[5.963s] INFO:colcon.colcon_core.shell:Creating environment hook '/home/user/robo/install/robo_control/share/robo_control/hook/cmake_prefix_path.ps1'
[5.963s] INFO:colcon.colcon_core.shell:Creating environment descriptor '/home/user/robo/install/robo_control/share/robo_control/hook/cmake_prefix_path.dsv'
[5.964s] INFO:colcon.colcon_core.shell:Creating environment hook '/home/user/robo/install/robo_control/share/robo_control/hook/cmake_prefix_path.sh'
[5.964s] Level 1:colcon.colcon_core.environment:checking '/home/user/robo/install/robo_control/lib'
[5.964s] Level 1:colcon.colcon_core.shell:create_environment_hook('robo_control', 'ld_library_path_lib')
[5.965s] INFO:colcon.colcon_core.shell:Creating environment hook '/home/user/robo/install/robo_control/share/robo_control/hook/ld_library_path_lib.ps1'
[5.965s] INFO:colcon.colcon_core.shell:Creating environment descriptor '/home/user/robo/install/robo_control/share/robo_control/hook/ld_library_path_lib.dsv'
[5.965s] INFO:colcon.colcon_core.shell:Creating environment hook '/home/user/robo/install/robo_control/share/robo_control/hook/ld_library_path_lib.sh'
[5.966s] Level 1:colcon.colcon_core.environment:checking '/home/user/robo/install/robo_control/bin'
[5.966s] Level 1:colcon.colcon_core.environment:checking '/home/user/robo/install/robo_control/lib/pkgconfig/robo_control.pc'
[5.966s] Level 1:colcon.colcon_core.environment:checking '/home/user/robo/install/robo_control/lib/python3.10/site-packages'
[5.967s] Level 1:colcon.colcon_core.environment:checking '/home/user/robo/install/robo_control/bin'
[5.967s] INFO:colcon.colcon_core.shell:Creating package script '/home/user/robo/install/robo_control/share/robo_control/package.ps1'
[5.967s] INFO:colcon.colcon_core.shell:Creating package descriptor '/home/user/robo/install/robo_control/share/robo_control/package.dsv'
[5.968s] INFO:colcon.colcon_core.shell:Creating package script '/home/user/robo/install/robo_control/share/robo_control/package.sh'
[5.969s] INFO:colcon.colcon_core.shell:Creating package script '/home/user/robo/install/robo_control/share/robo_control/package.bash'
[5.969s] INFO:colcon.colcon_core.shell:Creating package script '/home/user/robo/install/robo_control/share/robo_control/package.zsh'
[5.970s] Level 1:colcon.colcon_core.environment:create_file_with_runtime_dependencies(/home/user/robo/install/robo_control/share/colcon-core/packages/robo_control)
[5.970s] DEBUG:colcon.colcon_parallel_executor.executor.parallel:closing loop
[5.970s] DEBUG:colcon.colcon_parallel_executor.executor.parallel:loop closed
[5.971s] DEBUG:colcon.colcon_parallel_executor.executor.parallel:run_until_complete finished with '0'
[5.971s] DEBUG:colcon.colcon_core.event_reactor:joining thread
[5.986s] INFO:colcon.colcon_core.plugin_system:Skipping extension 'colcon_notification.desktop_notification.terminal_notifier': Not used on non-Darwin systems
[5.986s] INFO:colcon.colcon_core.plugin_system:Skipping extension 'colcon_notification.desktop_notification.win32': Not used on non-Windows systems
[5.986s] INFO:colcon.colcon_notification.desktop_notification:Sending desktop notification using 'notify2'
[6.011s] DEBUG:colcon.colcon_core.event_reactor:joined thread
[6.012s] INFO:colcon.colcon_core.shell:Creating prefix script '/home/user/robo/install/local_setup.ps1'
[6.014s] INFO:colcon.colcon_core.shell:Creating prefix util module '/home/user/robo/install/_local_setup_util_ps1.py'
[6.018s] INFO:colcon.colcon_core.shell:Creating prefix chain script '/home/user/robo/install/setup.ps1'
[6.021s] INFO:colcon.colcon_core.shell:Creating prefix script '/home/user/robo/install/local_setup.sh'
[6.024s] INFO:colcon.colcon_core.shell:Creating prefix util module '/home/user/robo/install/_local_setup_util_sh.py'
[6.026s] INFO:colcon.colcon_core.shell:Creating prefix chain script '/home/user/robo/install/setup.sh'
[6.029s] INFO:colcon.colcon_core.shell:Creating prefix script '/home/user/robo/install/local_setup.bash'
[6.030s] INFO:colcon.colcon_core.shell:Creating prefix chain script '/home/user/robo/install/setup.bash'
[6.032s] INFO:colcon.colcon_core.shell:Creating prefix script '/home/user/robo/install/local_setup.zsh'
[6.033s] INFO:colcon.colcon_core.shell:Creating prefix chain script '/home/user/robo/install/setup.zsh'
