[0.022s] Invoking command in '/home/user/robo/build/robo_control': CMAKE_PREFIX_PATH=${CMAKE_PREFIX_PATH}:/opt/ros/humble /usr/bin/cmake /home/user/robo/src/robo_control -DCMAKE_INSTALL_PREFIX=/home/user/robo/install/robo_control
[0.139s] -- The C compiler identification is GNU 11.4.0
[0.248s] -- The CXX compiler identification is GNU 11.4.0
[0.257s] -- Detecting C compiler ABI info
[0.390s] -- Detecting C compiler ABI info - done
[0.397s] -- Check for working C compiler: /usr/bin/cc - skipped
[0.398s] -- Detecting C compile features
[0.398s] -- Detecting C compile features - done
[0.404s] -- Detecting CXX compiler ABI info
[0.538s] -- Detecting CXX compiler ABI info - done
[0.547s] -- Check for working CXX compiler: /usr/bin/c++ - skipped
[0.547s] -- Detecting CXX compile features
[0.548s] -- Detecting CXX compile features - done
[0.551s] -- Found ament_cmake: 1.3.12 (/opt/ros/humble/share/ament_cmake/cmake)
[0.743s] -- Found Python3: /usr/bin/python3 (found version "3.10.12") found components: Interpreter 
[0.862s] -- Found rclcpp: 16.0.16 (/opt/ros/humble/share/rclcpp/cmake)
[0.911s] -- Found rosidl_generator_c: 3.1.7 (/opt/ros/humble/share/rosidl_generator_c/cmake)
[0.918s] -- Found rosidl_adapter: 3.1.7 (/opt/ros/humble/share/rosidl_adapter/cmake)
[0.928s] -- Found rosidl_generator_cpp: 3.1.7 (/opt/ros/humble/share/rosidl_generator_cpp/cmake)
[0.943s] -- Using all available rosidl_typesupport_c: rosidl_typesupport_fastrtps_c;rosidl_typesupport_introspection_c
[0.963s] -- Using all available rosidl_typesupport_cpp: rosidl_typesupport_fastrtps_cpp;rosidl_typesupport_introspection_cpp
[1.015s] -- Found rmw_implementation_cmake: 6.1.2 (/opt/ros/humble/share/rmw_implementation_cmake/cmake)
[1.017s] -- Found rmw_fastrtps_cpp: 6.2.9 (/opt/ros/humble/share/rmw_fastrtps_cpp/cmake)
[1.144s] -- Found OpenSSL: /usr/lib/x86_64-linux-gnu/libcrypto.so (found version "3.0.2")  
[1.176s] -- Found FastRTPS: /opt/ros/humble/include  
[1.223s] -- Using RMW implementation 'rmw_fastrtps_cpp' as default
[1.237s] -- Looking for pthread.h
[1.348s] -- Looking for pthread.h - found
[1.349s] -- Performing Test CMAKE_HAVE_LIBC_PTHREAD
[1.462s] -- Performing Test CMAKE_HAVE_LIBC_PTHREAD - Success
[1.463s] -- Found Threads: TRUE  
[1.520s] -- Found controller_interface: 2.52.2 (/opt/ros/humble/share/controller_interface/cmake)
[1.697s] -- Found ament_lint_auto: 0.12.14 (/opt/ros/humble/share/ament_lint_auto/cmake)
[1.795s] -- Added test 'cppcheck' to perform static code analysis on C / C++ code
[1.795s] -- Configured cppcheck include dirs: 
[1.796s] -- Configured cppcheck exclude dirs and/or files: 
[1.796s] -- Added test 'flake8' to check Python code syntax and style conventions
[1.797s] -- Added test 'lint_cmake' to check CMake code style
[1.797s] -- Added test 'pep257' to check Python code against some of the docstring style conventions in PEP 257
[1.799s] -- Added test 'uncrustify' to check C / C++ code style
[1.799s] -- Configured uncrustify additional arguments: 
[1.800s] -- Added test 'xmllint' to check XML markup files
[1.802s] -- Configuring done
[1.817s] -- Generating done
[1.823s] -- Build files have been written to: /home/user/robo/build/robo_control
[1.835s] Invoked command in '/home/user/robo/build/robo_control' returned '0': CMAKE_PREFIX_PATH=${CMAKE_PREFIX_PATH}:/opt/ros/humble /usr/bin/cmake /home/user/robo/src/robo_control -DCMAKE_INSTALL_PREFIX=/home/user/robo/install/robo_control
[1.836s] Invoking command in '/home/user/robo/build/robo_control': CMAKE_PREFIX_PATH=${CMAKE_PREFIX_PATH}:/opt/ros/humble /usr/bin/cmake --build /home/user/robo/build/robo_control -- -j4 -l4
[1.916s] [ 50%] [32mBuilding CXX object CMakeFiles/hardware.dir/src/hardware.cpp.o[0m
[5.775s] [100%] [32m[1mLinking CXX shared library libhardware.so[0m
[6.040s] [100%] Built target hardware
[6.061s] Invoked command in '/home/user/robo/build/robo_control' returned '0': CMAKE_PREFIX_PATH=${CMAKE_PREFIX_PATH}:/opt/ros/humble /usr/bin/cmake --build /home/user/robo/build/robo_control -- -j4 -l4
[6.091s] Invoking command in '/home/user/robo/build/robo_control': CMAKE_PREFIX_PATH=${CMAKE_PREFIX_PATH}:/opt/ros/humble /usr/bin/cmake --install /home/user/robo/build/robo_control
[6.101s] -- Install configuration: ""
[6.102s] -- Installing: /home/user/robo/install/robo_control/share/ament_index/resource_index/package_run_dependencies/robo_control
[6.102s] -- Installing: /home/user/robo/install/robo_control/share/ament_index/resource_index/parent_prefix_path/robo_control
[6.102s] -- Installing: /home/user/robo/install/robo_control/share/robo_control/environment/ament_prefix_path.sh
[6.103s] -- Installing: /home/user/robo/install/robo_control/share/robo_control/environment/ament_prefix_path.dsv
[6.103s] -- Installing: /home/user/robo/install/robo_control/share/robo_control/environment/path.sh
[6.103s] -- Installing: /home/user/robo/install/robo_control/share/robo_control/environment/path.dsv
[6.104s] -- Installing: /home/user/robo/install/robo_control/share/robo_control/local_setup.bash
[6.105s] -- Installing: /home/user/robo/install/robo_control/share/robo_control/local_setup.sh
[6.105s] -- Installing: /home/user/robo/install/robo_control/share/robo_control/local_setup.zsh
[6.105s] -- Installing: /home/user/robo/install/robo_control/share/robo_control/local_setup.dsv
[6.105s] -- Installing: /home/user/robo/install/robo_control/share/robo_control/package.dsv
[6.105s] -- Installing: /home/user/robo/install/robo_control/share/ament_index/resource_index/packages/robo_control
[6.106s] -- Installing: /home/user/robo/install/robo_control/share/robo_control/cmake/robo_controlConfig.cmake
[6.106s] -- Installing: /home/user/robo/install/robo_control/share/robo_control/cmake/robo_controlConfig-version.cmake
[6.106s] -- Installing: /home/user/robo/install/robo_control/share/robo_control/package.xml
[6.106s] -- Installing: /home/user/robo/install/robo_control/share/robo_control/hardware.xml
[6.106s] -- Installing: /home/user/robo/install/robo_control/share/robo_control/launch
[6.106s] -- Installing: /home/user/robo/install/robo_control/share/robo_control/launch/control.launch.py
[6.107s] -- Installing: /home/user/robo/install/robo_control/share/robo_control/urdf
[6.107s] -- Installing: /home/user/robo/install/robo_control/share/robo_control/urdf/robo.urdf
[6.107s] -- Installing: /home/user/robo/install/robo_control/share/robo_control/config
[6.107s] -- Installing: /home/user/robo/install/robo_control/share/robo_control/config/controllers.yaml
[6.107s] -- Installing: /home/user/robo/install/robo_control/lib/libhardware.so
[6.107s] -- Set runtime path of "/home/user/robo/install/robo_control/lib/libhardware.so" to ""
[6.107s] -- Up-to-date: /home/user/robo/install/robo_control/share/robo_control/hardware.xml
[6.110s] Invoked command in '/home/user/robo/build/robo_control' returned '0': CMAKE_PREFIX_PATH=${CMAKE_PREFIX_PATH}:/opt/ros/humble /usr/bin/cmake --install /home/user/robo/build/robo_control
