[0.023s] Invoking command in '/home/user/robo/build/robo_control': CMAKE_PREFIX_PATH=${CMAKE_PREFIX_PATH}:/opt/ros/humble /usr/bin/cmake --build /home/user/robo/build/robo_control -- -j4 -l4
[0.092s] -- Found ament_cmake: 1.3.12 (/opt/ros/humble/share/ament_cmake/cmake)
[0.286s] -- Found rclcpp: 16.0.16 (/opt/ros/humble/share/rclcpp/cmake)
[0.355s] -- Found rosidl_generator_c: 3.1.7 (/opt/ros/humble/share/rosidl_generator_c/cmake)
[0.360s] -- Found rosidl_adapter: 3.1.7 (/opt/ros/humble/share/rosidl_adapter/cmake)
[0.377s] -- Found rosidl_generator_cpp: 3.1.7 (/opt/ros/humble/share/rosidl_generator_cpp/cmake)
[0.404s] -- Using all available rosidl_typesupport_c: rosidl_typesupport_fastrtps_c;rosidl_typesupport_introspection_c
[0.432s] -- Using all available rosidl_typesupport_cpp: rosidl_typesupport_fastrtps_cpp;rosidl_typesupport_introspection_cpp
[0.489s] -- Found rmw_implementation_cmake: 6.1.2 (/opt/ros/humble/share/rmw_implementation_cmake/cmake)
[0.489s] -- Found rmw_fastrtps_cpp: 6.2.9 (/opt/ros/humble/share/rmw_fastrtps_cpp/cmake)
[0.634s] -- Using RMW implementation 'rmw_fastrtps_cpp' as default
[0.738s] -- Found controller_interface: 2.52.2 (/opt/ros/humble/share/controller_interface/cmake)
[1.000s] -- Found ament_lint_auto: 0.12.14 (/opt/ros/humble/share/ament_lint_auto/cmake)
[1.126s] -- Added test 'cppcheck' to perform static code analysis on C / C++ code
[1.126s] -- Configured cppcheck include dirs: 
[1.126s] -- Configured cppcheck exclude dirs and/or files: 
[1.127s] -- Added test 'flake8' to check Python code syntax and style conventions
[1.127s] -- Added test 'lint_cmake' to check CMake code style
[1.128s] -- Added test 'pep257' to check Python code against some of the docstring style conventions in PEP 257
[1.130s] -- Added test 'uncrustify' to check C / C++ code style
[1.131s] -- Configured uncrustify additional arguments: 
[1.131s] -- Added test 'xmllint' to check XML markup files
[1.138s] -- Configuring done
[1.160s] -- Generating done
[1.167s] -- Build files have been written to: /home/user/robo/build/robo_control
[1.211s] [35m[1mConsolidate compiler generated dependencies of target hardware[0m
[1.245s] [100%] Built target hardware
[1.265s] Invoked command in '/home/user/robo/build/robo_control' returned '0': CMAKE_PREFIX_PATH=${CMAKE_PREFIX_PATH}:/opt/ros/humble /usr/bin/cmake --build /home/user/robo/build/robo_control -- -j4 -l4
[1.283s] Invoking command in '/home/user/robo/build/robo_control': CMAKE_PREFIX_PATH=${CMAKE_PREFIX_PATH}:/opt/ros/humble /usr/bin/cmake --install /home/user/robo/build/robo_control
[1.295s] -- Install configuration: ""
[1.295s] -- Up-to-date: /home/user/robo/install/robo_control/share/robo_control/hardware.xml
[1.296s] -- Up-to-date: /home/user/robo/install/robo_control/share/robo_control/launch
[1.296s] -- Installing: /home/user/robo/install/robo_control/share/robo_control/launch/control.launch.py
[1.296s] -- Up-to-date: /home/user/robo/install/robo_control/share/robo_control/urdf
[1.296s] -- Installing: /home/user/robo/install/robo_control/share/robo_control/urdf/robo.urdf
[1.296s] -- Up-to-date: /home/user/robo/install/robo_control/share/robo_control/config
[1.296s] -- Up-to-date: /home/user/robo/install/robo_control/share/robo_control/config/controllers.yaml
[1.296s] -- Installing: /home/user/robo/install/robo_control/share/robo_control/rviz
[1.297s] -- Installing: /home/user/robo/install/robo_control/share/robo_control/rviz/robo.rviz
[1.297s] -- Up-to-date: /home/user/robo/install/robo_control/lib/libhardware.so
[1.297s] -- Up-to-date: /home/user/robo/install/robo_control/share/robo_control/hardware.xml
[1.297s] -- Up-to-date: /home/user/robo/install/robo_control/share/robo_control/environment/library_path.sh
[1.298s] -- Installing: /home/user/robo/install/robo_control/share/robo_control/environment/library_path.dsv
[1.299s] -- Installing: /home/user/robo/install/robo_control/share/ament_index/resource_index/package_run_dependencies/robo_control
[1.299s] -- Up-to-date: /home/user/robo/install/robo_control/share/ament_index/resource_index/parent_prefix_path/robo_control
[1.300s] -- Up-to-date: /home/user/robo/install/robo_control/share/robo_control/environment/ament_prefix_path.sh
[1.300s] -- Installing: /home/user/robo/install/robo_control/share/robo_control/environment/ament_prefix_path.dsv
[1.300s] -- Up-to-date: /home/user/robo/install/robo_control/share/robo_control/environment/path.sh
[1.300s] -- Installing: /home/user/robo/install/robo_control/share/robo_control/environment/path.dsv
[1.300s] -- Up-to-date: /home/user/robo/install/robo_control/share/robo_control/local_setup.bash
[1.300s] -- Up-to-date: /home/user/robo/install/robo_control/share/robo_control/local_setup.sh
[1.300s] -- Up-to-date: /home/user/robo/install/robo_control/share/robo_control/local_setup.zsh
[1.301s] -- Installing: /home/user/robo/install/robo_control/share/robo_control/local_setup.dsv
[1.301s] -- Installing: /home/user/robo/install/robo_control/share/robo_control/package.dsv
[1.301s] -- Up-to-date: /home/user/robo/install/robo_control/share/ament_index/resource_index/packages/robo_control
[1.301s] -- Up-to-date: /home/user/robo/install/robo_control/share/ament_index/resource_index/hardware_interface__pluginlib__plugin/robo_control
[1.301s] -- Up-to-date: /home/user/robo/install/robo_control/share/robo_control/cmake/ament_cmake_export_libraries-extras.cmake
[1.301s] -- Up-to-date: /home/user/robo/install/robo_control/share/robo_control/cmake/ament_cmake_export_dependencies-extras.cmake
[1.301s] -- Up-to-date: /home/user/robo/install/robo_control/share/robo_control/cmake/robo_controlConfig.cmake
[1.301s] -- Up-to-date: /home/user/robo/install/robo_control/share/robo_control/cmake/robo_controlConfig-version.cmake
[1.301s] -- Installing: /home/user/robo/install/robo_control/share/robo_control/package.xml
[1.303s] Invoked command in '/home/user/robo/build/robo_control' returned '0': CMAKE_PREFIX_PATH=${CMAKE_PREFIX_PATH}:/opt/ros/humble /usr/bin/cmake --install /home/user/robo/build/robo_control
