[0.027s] Invoking command in '/home/user/robo/build/robo_control': CMAKE_PREFIX_PATH=/opt/ros/humble /usr/bin/cmake --build /home/user/robo/build/robo_control -- -j4 -l4
[0.182s] -- Found ament_cmake: 1.3.12 (/opt/ros/humble/share/ament_cmake/cmake)
[0.454s] -- Found rclcpp: 16.0.16 (/opt/ros/humble/share/rclcpp/cmake)
[0.576s] -- Found rosidl_generator_c: 3.1.7 (/opt/ros/humble/share/rosidl_generator_c/cmake)
[0.585s] -- Found rosidl_adapter: 3.1.7 (/opt/ros/humble/share/rosidl_adapter/cmake)
[0.605s] -- Found rosidl_generator_cpp: 3.1.7 (/opt/ros/humble/share/rosidl_generator_cpp/cmake)
[0.645s] -- Using all available rosidl_typesupport_c: rosidl_typesupport_fastrtps_c;rosidl_typesupport_introspection_c
[0.683s] -- Using all available rosidl_typesupport_cpp: rosidl_typesupport_fastrtps_cpp;rosidl_typesupport_introspection_cpp
[0.789s] -- Found rmw_implementation_cmake: 6.1.2 (/opt/ros/humble/share/rmw_implementation_cmake/cmake)
[0.797s] -- Found rmw_fastrtps_cpp: 6.2.9 (/opt/ros/humble/share/rmw_fastrtps_cpp/cmake)
[0.996s] -- Using RMW implementation 'rmw_fastrtps_cpp' as default
[1.154s] -- Found controller_interface: 2.52.2 (/opt/ros/humble/share/controller_interface/cmake)
[1.513s] -- Found ament_lint_auto: 0.12.14 (/opt/ros/humble/share/ament_lint_auto/cmake)
[1.686s] -- Added test 'cppcheck' to perform static code analysis on C / C++ code
[1.686s] -- Configured cppcheck include dirs: 
[1.686s] -- Configured cppcheck exclude dirs and/or files: 
[1.687s] -- Added test 'flake8' to check Python code syntax and style conventions
[1.690s] -- Added test 'lint_cmake' to check CMake code style
[1.691s] -- Added test 'pep257' to check Python code against some of the docstring style conventions in PEP 257
[1.693s] -- Added test 'uncrustify' to check C / C++ code style
[1.694s] -- Configured uncrustify additional arguments: 
[1.695s] -- Added test 'xmllint' to check XML markup files
[1.704s] -- Configuring done
[1.748s] -- Generating done
[1.757s] -- Build files have been written to: /home/user/robo/build/robo_control
[1.809s] [35m[1mConsolidate compiler generated dependencies of target hardware[0m
[1.855s] [100%] Built target hardware
[1.874s] Invoked command in '/home/user/robo/build/robo_control' returned '0': CMAKE_PREFIX_PATH=/opt/ros/humble /usr/bin/cmake --build /home/user/robo/build/robo_control -- -j4 -l4
[1.891s] Invoking command in '/home/user/robo/build/robo_control': CMAKE_PREFIX_PATH=/opt/ros/humble /usr/bin/cmake --install /home/user/robo/build/robo_control
[1.901s] -- Install configuration: ""
[1.903s] -- Up-to-date: /home/user/robo/install/robo_control/share/robo_control/hardware.xml
[1.903s] -- Up-to-date: /home/user/robo/install/robo_control/share/robo_control/launch
[1.903s] -- Installing: /home/user/robo/install/robo_control/share/robo_control/launch/control.launch.py
[1.903s] -- Up-to-date: /home/user/robo/install/robo_control/share/robo_control/launch/control_no_rviz.launch.py
[1.903s] -- Up-to-date: /home/user/robo/install/robo_control/share/robo_control/urdf
[1.903s] -- Up-to-date: /home/user/robo/install/robo_control/share/robo_control/urdf/robo.urdf
[1.904s] -- Up-to-date: /home/user/robo/install/robo_control/share/robo_control/config
[1.904s] -- Up-to-date: /home/user/robo/install/robo_control/share/robo_control/config/controllers.yaml
[1.904s] -- Up-to-date: /home/user/robo/install/robo_control/share/robo_control/rviz
[1.904s] -- Up-to-date: /home/user/robo/install/robo_control/share/robo_control/rviz/robo.rviz
[1.904s] -- Installing: /home/user/robo/install/robo_control/share/robo_control/scripts
[1.904s] -- Installing: /home/user/robo/install/robo_control/share/robo_control/scripts/simple_odom.py
[1.904s] -- Installing: /home/user/robo/install/robo_control/share/robo_control/scripts/figure8.py
[1.905s] -- Up-to-date: /home/user/robo/install/robo_control/lib/libhardware.so
[1.905s] -- Up-to-date: /home/user/robo/install/robo_control/share/robo_control/hardware.xml
[1.905s] -- Up-to-date: /home/user/robo/install/robo_control/share/robo_control/environment/library_path.sh
[1.905s] -- Installing: /home/user/robo/install/robo_control/share/robo_control/environment/library_path.dsv
[1.906s] -- Up-to-date: /home/user/robo/install/robo_control/share/ament_index/resource_index/package_run_dependencies/robo_control
[1.907s] -- Installing: /home/user/robo/install/robo_control/share/ament_index/resource_index/parent_prefix_path/robo_control
[1.907s] -- Up-to-date: /home/user/robo/install/robo_control/share/robo_control/environment/ament_prefix_path.sh
[1.907s] -- Installing: /home/user/robo/install/robo_control/share/robo_control/environment/ament_prefix_path.dsv
[1.907s] -- Up-to-date: /home/user/robo/install/robo_control/share/robo_control/environment/path.sh
[1.907s] -- Installing: /home/user/robo/install/robo_control/share/robo_control/environment/path.dsv
[1.908s] -- Up-to-date: /home/user/robo/install/robo_control/share/robo_control/local_setup.bash
[1.908s] -- Up-to-date: /home/user/robo/install/robo_control/share/robo_control/local_setup.sh
[1.908s] -- Up-to-date: /home/user/robo/install/robo_control/share/robo_control/local_setup.zsh
[1.908s] -- Installing: /home/user/robo/install/robo_control/share/robo_control/local_setup.dsv
[1.908s] -- Installing: /home/user/robo/install/robo_control/share/robo_control/package.dsv
[1.908s] -- Up-to-date: /home/user/robo/install/robo_control/share/ament_index/resource_index/packages/robo_control
[1.909s] -- Up-to-date: /home/user/robo/install/robo_control/share/ament_index/resource_index/hardware_interface__pluginlib__plugin/robo_control
[1.909s] -- Up-to-date: /home/user/robo/install/robo_control/share/robo_control/cmake/ament_cmake_export_libraries-extras.cmake
[1.909s] -- Up-to-date: /home/user/robo/install/robo_control/share/robo_control/cmake/ament_cmake_export_dependencies-extras.cmake
[1.909s] -- Up-to-date: /home/user/robo/install/robo_control/share/robo_control/cmake/robo_controlConfig.cmake
[1.909s] -- Up-to-date: /home/user/robo/install/robo_control/share/robo_control/cmake/robo_controlConfig-version.cmake
[1.910s] -- Up-to-date: /home/user/robo/install/robo_control/share/robo_control/package.xml
[1.915s] Invoked command in '/home/user/robo/build/robo_control' returned '0': CMAKE_PREFIX_PATH=/opt/ros/humble /usr/bin/cmake --install /home/user/robo/build/robo_control
