-- Found ament_cmake: 1.3.12 (/opt/ros/humble/share/ament_cmake/cmake)
-- Found rclcpp: 16.0.16 (/opt/ros/humble/share/rclcpp/cmake)
-- Found rosidl_generator_c: 3.1.7 (/opt/ros/humble/share/rosidl_generator_c/cmake)
-- Found rosidl_adapter: 3.1.7 (/opt/ros/humble/share/rosidl_adapter/cmake)
-- Found rosidl_generator_cpp: 3.1.7 (/opt/ros/humble/share/rosidl_generator_cpp/cmake)
-- Using all available rosidl_typesupport_c: rosidl_typesupport_fastrtps_c;rosidl_typesupport_introspection_c
-- Using all available rosidl_typesupport_cpp: rosidl_typesupport_fastrtps_cpp;rosidl_typesupport_introspection_cpp
-- Found rmw_implementation_cmake: 6.1.2 (/opt/ros/humble/share/rmw_implementation_cmake/cmake)
-- Found rmw_fastrtps_cpp: 6.2.9 (/opt/ros/humble/share/rmw_fastrtps_cpp/cmake)
-- Using RMW implementation 'rmw_fastrtps_cpp' as default
-- Found controller_interface: 2.52.2 (/opt/ros/humble/share/controller_interface/cmake)
-- Found ament_lint_auto: 0.12.14 (/opt/ros/humble/share/ament_lint_auto/cmake)
-- Added test 'cppcheck' to perform static code analysis on C / C++ code
-- Configured cppcheck include dirs: 
-- Configured cppcheck exclude dirs and/or files: 
-- Added test 'flake8' to check Python code syntax and style conventions
-- Added test 'lint_cmake' to check CMake code style
-- Added test 'pep257' to check Python code against some of the docstring style conventions in PEP 257
-- Added test 'uncrustify' to check C / C++ code style
-- Configured uncrustify additional arguments: 
-- Added test 'xmllint' to check XML markup files
-- Configuring done
-- Generating done
-- Build files have been written to: /home/user/robo/build/robo_control
[35m[1mConsolidate compiler generated dependencies of target hardware[0m
[ 50%] [32mBuilding CXX object CMakeFiles/hardware.dir/src/hardware.cpp.o[0m
[100%] [32m[1mLinking CXX shared library libhardware.so[0m
[100%] Built target hardware
-- Install configuration: ""
-- Installing: /home/user/robo/install/robo_control/share/robo_control/hardware.xml
-- Up-to-date: /home/user/robo/install/robo_control/share/robo_control/launch
-- Installing: /home/user/robo/install/robo_control/share/robo_control/launch/control.launch.py
-- Up-to-date: /home/user/robo/install/robo_control/share/robo_control/urdf
-- Installing: /home/user/robo/install/robo_control/share/robo_control/urdf/robo.urdf
-- Up-to-date: /home/user/robo/install/robo_control/share/robo_control/config
-- Installing: /home/user/robo/install/robo_control/share/robo_control/config/controllers.yaml
-- Installing: /home/user/robo/install/robo_control/lib/libhardware.so
-- Set runtime path of "/home/user/robo/install/robo_control/lib/libhardware.so" to ""
-- Up-to-date: /home/user/robo/install/robo_control/share/robo_control/hardware.xml
-- Up-to-date: /home/user/robo/install/robo_control/share/robo_control/environment/library_path.sh
-- Installing: /home/user/robo/install/robo_control/share/robo_control/environment/library_path.dsv
-- Up-to-date: /home/user/robo/install/robo_control/share/ament_index/resource_index/package_run_dependencies/robo_control
-- Installing: /home/user/robo/install/robo_control/share/ament_index/resource_index/parent_prefix_path/robo_control
-- Up-to-date: /home/user/robo/install/robo_control/share/robo_control/environment/ament_prefix_path.sh
-- Installing: /home/user/robo/install/robo_control/share/robo_control/environment/ament_prefix_path.dsv
-- Up-to-date: /home/user/robo/install/robo_control/share/robo_control/environment/path.sh
-- Installing: /home/user/robo/install/robo_control/share/robo_control/environment/path.dsv
-- Up-to-date: /home/user/robo/install/robo_control/share/robo_control/local_setup.bash
-- Up-to-date: /home/user/robo/install/robo_control/share/robo_control/local_setup.sh
-- Up-to-date: /home/user/robo/install/robo_control/share/robo_control/local_setup.zsh
-- Installing: /home/user/robo/install/robo_control/share/robo_control/local_setup.dsv
-- Installing: /home/user/robo/install/robo_control/share/robo_control/package.dsv
-- Up-to-date: /home/user/robo/install/robo_control/share/ament_index/resource_index/packages/robo_control
-- Up-to-date: /home/user/robo/install/robo_control/share/ament_index/resource_index/hardware_interface__pluginlib__plugin/robo_control
-- Up-to-date: /home/user/robo/install/robo_control/share/robo_control/cmake/ament_cmake_export_libraries-extras.cmake
-- Up-to-date: /home/user/robo/install/robo_control/share/robo_control/cmake/ament_cmake_export_dependencies-extras.cmake
-- Up-to-date: /home/user/robo/install/robo_control/share/robo_control/cmake/robo_controlConfig.cmake
-- Up-to-date: /home/user/robo/install/robo_control/share/robo_control/cmake/robo_controlConfig-version.cmake
-- Installing: /home/user/robo/install/robo_control/share/robo_control/package.xml
