[0.024s] Invoking command in '/home/user/robo/build/robo_control': CMAKE_PREFIX_PATH=${CMAKE_PREFIX_PATH}:/opt/ros/humble /usr/bin/cmake --build /home/user/robo/build/robo_control -- -j4 -l4
[0.083s] -- Found ament_cmake: 1.3.12 (/opt/ros/humble/share/ament_cmake/cmake)
[0.261s] -- Found rclcpp: 16.0.16 (/opt/ros/humble/share/rclcpp/cmake)
[0.294s] -- Found rosidl_generator_c: 3.1.7 (/opt/ros/humble/share/rosidl_generator_c/cmake)
[0.296s] -- Found rosidl_adapter: 3.1.7 (/opt/ros/humble/share/rosidl_adapter/cmake)
[0.304s] -- Found rosidl_generator_cpp: 3.1.7 (/opt/ros/humble/share/rosidl_generator_cpp/cmake)
[0.314s] -- Using all available rosidl_typesupport_c: rosidl_typesupport_fastrtps_c;rosidl_typesupport_introspection_c
[0.332s] -- Using all available rosidl_typesupport_cpp: rosidl_typesupport_fastrtps_cpp;rosidl_typesupport_introspection_cpp
[0.376s] -- Found rmw_implementation_cmake: 6.1.2 (/opt/ros/humble/share/rmw_implementation_cmake/cmake)
[0.380s] -- Found rmw_fastrtps_cpp: 6.2.9 (/opt/ros/humble/share/rmw_fastrtps_cpp/cmake)
[0.517s] -- Using RMW implementation 'rmw_fastrtps_cpp' as default
[0.580s] -- Found controller_interface: 2.52.2 (/opt/ros/humble/share/controller_interface/cmake)
[0.741s] -- Found ament_lint_auto: 0.12.14 (/opt/ros/humble/share/ament_lint_auto/cmake)
[0.833s] -- Added test 'cppcheck' to perform static code analysis on C / C++ code
[0.833s] -- Configured cppcheck include dirs: 
[0.833s] -- Configured cppcheck exclude dirs and/or files: 
[0.833s] -- Added test 'flake8' to check Python code syntax and style conventions
[0.837s] -- Added test 'lint_cmake' to check CMake code style
[0.837s] -- Added test 'pep257' to check Python code against some of the docstring style conventions in PEP 257
[0.837s] -- Added test 'uncrustify' to check C / C++ code style
[0.838s] -- Configured uncrustify additional arguments: 
[0.838s] -- Added test 'xmllint' to check XML markup files
[0.840s] -- Configuring done
[0.862s] -- Generating done
[0.873s] -- Build files have been written to: /home/user/robo/build/robo_control
[0.926s] [35m[1mConsolidate compiler generated dependencies of target hardware[0m
[0.964s] [ 50%] [32mBuilding CXX object CMakeFiles/hardware.dir/src/hardware.cpp.o[0m
[5.128s] [100%] [32m[1mLinking CXX shared library libhardware.so[0m
[5.377s] [100%] Built target hardware
[5.394s] Invoked command in '/home/user/robo/build/robo_control' returned '0': CMAKE_PREFIX_PATH=${CMAKE_PREFIX_PATH}:/opt/ros/humble /usr/bin/cmake --build /home/user/robo/build/robo_control -- -j4 -l4
[5.406s] Invoking command in '/home/user/robo/build/robo_control': CMAKE_PREFIX_PATH=${CMAKE_PREFIX_PATH}:/opt/ros/humble /usr/bin/cmake --install /home/user/robo/build/robo_control
[5.416s] -- Install configuration: ""
[5.416s] -- Installing: /home/user/robo/install/robo_control/share/robo_control/hardware.xml
[5.417s] -- Up-to-date: /home/user/robo/install/robo_control/share/robo_control/launch
[5.417s] -- Installing: /home/user/robo/install/robo_control/share/robo_control/launch/control.launch.py
[5.417s] -- Up-to-date: /home/user/robo/install/robo_control/share/robo_control/urdf
[5.417s] -- Installing: /home/user/robo/install/robo_control/share/robo_control/urdf/robo.urdf
[5.417s] -- Up-to-date: /home/user/robo/install/robo_control/share/robo_control/config
[5.417s] -- Installing: /home/user/robo/install/robo_control/share/robo_control/config/controllers.yaml
[5.417s] -- Installing: /home/user/robo/install/robo_control/lib/libhardware.so
[5.419s] -- Set runtime path of "/home/user/robo/install/robo_control/lib/libhardware.so" to ""
[5.419s] -- Up-to-date: /home/user/robo/install/robo_control/share/robo_control/hardware.xml
[5.419s] -- Up-to-date: /home/user/robo/install/robo_control/share/robo_control/environment/library_path.sh
[5.419s] -- Installing: /home/user/robo/install/robo_control/share/robo_control/environment/library_path.dsv
[5.419s] -- Up-to-date: /home/user/robo/install/robo_control/share/ament_index/resource_index/package_run_dependencies/robo_control
[5.420s] -- Installing: /home/user/robo/install/robo_control/share/ament_index/resource_index/parent_prefix_path/robo_control
[5.420s] -- Up-to-date: /home/user/robo/install/robo_control/share/robo_control/environment/ament_prefix_path.sh
[5.420s] -- Installing: /home/user/robo/install/robo_control/share/robo_control/environment/ament_prefix_path.dsv
[5.420s] -- Up-to-date: /home/user/robo/install/robo_control/share/robo_control/environment/path.sh
[5.420s] -- Installing: /home/user/robo/install/robo_control/share/robo_control/environment/path.dsv
[5.420s] -- Up-to-date: /home/user/robo/install/robo_control/share/robo_control/local_setup.bash
[5.422s] -- Up-to-date: /home/user/robo/install/robo_control/share/robo_control/local_setup.sh
[5.422s] -- Up-to-date: /home/user/robo/install/robo_control/share/robo_control/local_setup.zsh
[5.422s] -- Installing: /home/user/robo/install/robo_control/share/robo_control/local_setup.dsv
[5.422s] -- Installing: /home/user/robo/install/robo_control/share/robo_control/package.dsv
[5.422s] -- Up-to-date: /home/user/robo/install/robo_control/share/ament_index/resource_index/packages/robo_control
[5.422s] -- Up-to-date: /home/user/robo/install/robo_control/share/ament_index/resource_index/hardware_interface__pluginlib__plugin/robo_control
[5.422s] -- Up-to-date: /home/user/robo/install/robo_control/share/robo_control/cmake/ament_cmake_export_libraries-extras.cmake
[5.422s] -- Up-to-date: /home/user/robo/install/robo_control/share/robo_control/cmake/ament_cmake_export_dependencies-extras.cmake
[5.422s] -- Up-to-date: /home/user/robo/install/robo_control/share/robo_control/cmake/robo_controlConfig.cmake
[5.422s] -- Up-to-date: /home/user/robo/install/robo_control/share/robo_control/cmake/robo_controlConfig-version.cmake
[5.422s] -- Installing: /home/user/robo/install/robo_control/share/robo_control/package.xml
[5.424s] Invoked command in '/home/user/robo/build/robo_control' returned '0': CMAKE_PREFIX_PATH=${CMAKE_PREFIX_PATH}:/opt/ros/humble /usr/bin/cmake --install /home/user/robo/build/robo_control
