[0.290s] DEBUG:colcon:Command line arguments: ['/usr/bin/colcon', 'build', '--packages-select', 'robo_control']
[0.290s] DEBUG:colcon:Parsed command line arguments: Namespace(log_base=None, log_level=None, verb_name='build', build_base='build', install_base='install', merge_install=False, symlink_install=False, test_result_base=None, continue_on_error=False, executor='parallel', parallel_workers=4, event_handlers=None, ignore_user_meta=False, metas=['./colcon.meta'], base_paths=['.'], packages_ignore=None, packages_ignore_regex=None, paths=None, packages_up_to=None, packages_up_to_regex=None, packages_above=None, packages_above_and_dependencies=None, packages_above_depth=None, packages_select_by_dep=None, packages_skip_by_dep=None, packages_skip_up_to=None, packages_select_build_failed=False, packages_skip_build_finished=False, packages_select_test_failures=False, packages_skip_test_passed=False, packages_select=['robo_control'], packages_skip=None, packages_select_regex=None, packages_skip_regex=None, packages_start=None, packages_end=None, allow_overriding=[], cmake_args=None, cmake_target=None, cmake_target_skip_unavailable=False, cmake_clean_cache=False, cmake_clean_first=False, cmake_force_configure=False, ament_cmake_args=None, catkin_cmake_args=None, catkin_skip_building_tests=False, verb_parser=<colcon_defaults.argument_parser.defaults.DefaultArgumentsDecorator object at 0x7e9234658670>, verb_extension=<colcon_core.verb.build.BuildVerb object at 0x7e9234755ae0>, main=<bound method BuildVerb.main of <colcon_core.verb.build.BuildVerb object at 0x7e9234755ae0>>)
[0.776s] Level 1:colcon.colcon_core.package_discovery:discover_packages(colcon_meta) check parameters
[0.776s] Level 1:colcon.colcon_core.package_discovery:discover_packages(recursive) check parameters
[0.777s] Level 1:colcon.colcon_core.package_discovery:discover_packages(ignore) check parameters
[0.777s] Level 1:colcon.colcon_core.package_discovery:discover_packages(path) check parameters
[0.777s] Level 1:colcon.colcon_core.package_discovery:discover_packages(colcon_meta) discover
[0.777s] Level 1:colcon.colcon_core.package_discovery:discover_packages(recursive) discover
[0.777s] INFO:colcon.colcon_core.package_discovery:Crawling recursively for packages in '/home/user/robo'
[0.777s] Level 1:colcon.colcon_core.package_identification:_identify(.) by extensions ['ignore', 'ignore_ament_install']
[0.777s] Level 1:colcon.colcon_core.package_identification:_identify(.) by extension 'ignore'
[0.778s] Level 1:colcon.colcon_core.package_identification:_identify(.) by extension 'ignore_ament_install'
[0.778s] Level 1:colcon.colcon_core.package_identification:_identify(.) by extensions ['colcon_pkg']
[0.778s] Level 1:colcon.colcon_core.package_identification:_identify(.) by extension 'colcon_pkg'
[0.778s] Level 1:colcon.colcon_core.package_identification:_identify(.) by extensions ['colcon_meta']
[0.778s] Level 1:colcon.colcon_core.package_identification:_identify(.) by extension 'colcon_meta'
[0.779s] Level 1:colcon.colcon_core.package_identification:_identify(.) by extensions ['ros']
[0.779s] Level 1:colcon.colcon_core.package_identification:_identify(.) by extension 'ros'
[0.801s] Level 1:colcon.colcon_core.package_identification:_identify(.) by extensions ['cmake', 'python']
[0.801s] Level 1:colcon.colcon_core.package_identification:_identify(.) by extension 'cmake'
[0.802s] Level 1:colcon.colcon_core.package_identification:_identify(.) by extension 'python'
[0.802s] Level 1:colcon.colcon_core.package_identification:_identify(.) by extensions ['python_setup_py']
[0.802s] Level 1:colcon.colcon_core.package_identification:_identify(.) by extension 'python_setup_py'
[0.802s] Level 1:colcon.colcon_core.package_identification:_identify(build) by extensions ['ignore', 'ignore_ament_install']
[0.802s] Level 1:colcon.colcon_core.package_identification:_identify(build) by extension 'ignore'
[0.802s] Level 1:colcon.colcon_core.package_identification:_identify(build) ignored
[0.802s] Level 1:colcon.colcon_core.package_identification:_identify(install) by extensions ['ignore', 'ignore_ament_install']
[0.802s] Level 1:colcon.colcon_core.package_identification:_identify(install) by extension 'ignore'
[0.802s] Level 1:colcon.colcon_core.package_identification:_identify(install) ignored
[0.802s] Level 1:colcon.colcon_core.package_identification:_identify(log) by extensions ['ignore', 'ignore_ament_install']
[0.802s] Level 1:colcon.colcon_core.package_identification:_identify(log) by extension 'ignore'
[0.803s] Level 1:colcon.colcon_core.package_identification:_identify(log) ignored
[0.803s] Level 1:colcon.colcon_core.package_identification:_identify(src) by extensions ['ignore', 'ignore_ament_install']
[0.803s] Level 1:colcon.colcon_core.package_identification:_identify(src) by extension 'ignore'
[0.803s] Level 1:colcon.colcon_core.package_identification:_identify(src) by extension 'ignore_ament_install'
[0.803s] Level 1:colcon.colcon_core.package_identification:_identify(src) by extensions ['colcon_pkg']
[0.803s] Level 1:colcon.colcon_core.package_identification:_identify(src) by extension 'colcon_pkg'
[0.803s] Level 1:colcon.colcon_core.package_identification:_identify(src) by extensions ['colcon_meta']
[0.803s] Level 1:colcon.colcon_core.package_identification:_identify(src) by extension 'colcon_meta'
[0.803s] Level 1:colcon.colcon_core.package_identification:_identify(src) by extensions ['ros']
[0.803s] Level 1:colcon.colcon_core.package_identification:_identify(src) by extension 'ros'
[0.803s] Level 1:colcon.colcon_core.package_identification:_identify(src) by extensions ['cmake', 'python']
[0.803s] Level 1:colcon.colcon_core.package_identification:_identify(src) by extension 'cmake'
[0.803s] Level 1:colcon.colcon_core.package_identification:_identify(src) by extension 'python'
[0.803s] Level 1:colcon.colcon_core.package_identification:_identify(src) by extensions ['python_setup_py']
[0.803s] Level 1:colcon.colcon_core.package_identification:_identify(src) by extension 'python_setup_py'
[0.804s] Level 1:colcon.colcon_core.package_identification:_identify(src/robo_control) by extensions ['ignore', 'ignore_ament_install']
[0.804s] Level 1:colcon.colcon_core.package_identification:_identify(src/robo_control) by extension 'ignore'
[0.804s] Level 1:colcon.colcon_core.package_identification:_identify(src/robo_control) by extension 'ignore_ament_install'
[0.804s] Level 1:colcon.colcon_core.package_identification:_identify(src/robo_control) by extensions ['colcon_pkg']
[0.804s] Level 1:colcon.colcon_core.package_identification:_identify(src/robo_control) by extension 'colcon_pkg'
[0.804s] Level 1:colcon.colcon_core.package_identification:_identify(src/robo_control) by extensions ['colcon_meta']
[0.804s] Level 1:colcon.colcon_core.package_identification:_identify(src/robo_control) by extension 'colcon_meta'
[0.804s] Level 1:colcon.colcon_core.package_identification:_identify(src/robo_control) by extensions ['ros']
[0.804s] Level 1:colcon.colcon_core.package_identification:_identify(src/robo_control) by extension 'ros'
[0.809s] DEBUG:colcon.colcon_core.package_identification:Package 'src/robo_control' with type 'ros.ament_cmake' and name 'robo_control'
[0.809s] Level 1:colcon.colcon_core.package_discovery:discover_packages(recursive) using defaults
[0.810s] Level 1:colcon.colcon_core.package_discovery:discover_packages(ignore) discover
[0.810s] Level 1:colcon.colcon_core.package_discovery:discover_packages(ignore) using defaults
[0.810s] Level 1:colcon.colcon_core.package_discovery:discover_packages(path) discover
[0.810s] Level 1:colcon.colcon_core.package_discovery:discover_packages(path) using defaults
[0.851s] Level 1:colcon.colcon_core.package_discovery:discover_packages(prefix_path) check parameters
[0.851s] Level 1:colcon.colcon_core.package_discovery:discover_packages(prefix_path) discover
[0.858s] DEBUG:colcon.colcon_installed_package_information.package_discovery:Found 417 installed packages in /opt/ros/humble
[0.876s] Level 1:colcon.colcon_core.package_discovery:discover_packages(prefix_path) using defaults
[0.948s] Level 5:colcon.colcon_core.verb:set package 'robo_control' build argument 'cmake_args' from command line to 'None'
[0.948s] Level 5:colcon.colcon_core.verb:set package 'robo_control' build argument 'cmake_target' from command line to 'None'
[0.948s] Level 5:colcon.colcon_core.verb:set package 'robo_control' build argument 'cmake_target_skip_unavailable' from command line to 'False'
[0.948s] Level 5:colcon.colcon_core.verb:set package 'robo_control' build argument 'cmake_clean_cache' from command line to 'False'
[0.948s] Level 5:colcon.colcon_core.verb:set package 'robo_control' build argument 'cmake_clean_first' from command line to 'False'
[0.948s] Level 5:colcon.colcon_core.verb:set package 'robo_control' build argument 'cmake_force_configure' from command line to 'False'
[0.948s] Level 5:colcon.colcon_core.verb:set package 'robo_control' build argument 'ament_cmake_args' from command line to 'None'
[0.948s] Level 5:colcon.colcon_core.verb:set package 'robo_control' build argument 'catkin_cmake_args' from command line to 'None'
[0.948s] Level 5:colcon.colcon_core.verb:set package 'robo_control' build argument 'catkin_skip_building_tests' from command line to 'False'
[0.948s] DEBUG:colcon.colcon_core.verb:Building package 'robo_control' with the following arguments: {'ament_cmake_args': None, 'build_base': '/home/user/robo/build/robo_control', 'catkin_cmake_args': None, 'catkin_skip_building_tests': False, 'cmake_args': None, 'cmake_clean_cache': False, 'cmake_clean_first': False, 'cmake_force_configure': False, 'cmake_target': None, 'cmake_target_skip_unavailable': False, 'install_base': '/home/user/robo/install/robo_control', 'merge_install': False, 'path': '/home/user/robo/src/robo_control', 'symlink_install': False, 'test_result_base': None}
[0.948s] INFO:colcon.colcon_core.executor:Executing jobs using 'parallel' executor
[0.950s] DEBUG:colcon.colcon_parallel_executor.executor.parallel:run_until_complete
[0.950s] INFO:colcon.colcon_ros.task.ament_cmake.build:Building ROS package in '/home/user/robo/src/robo_control' with build type 'ament_cmake'
[0.950s] INFO:colcon.colcon_cmake.task.cmake.build:Building CMake package in '/home/user/robo/src/robo_control'
[0.958s] INFO:colcon.colcon_core.plugin_system:Skipping extension 'colcon_core.shell.bat': Not used on non-Windows systems
[0.958s] INFO:colcon.colcon_core.shell:Skip shell extension 'powershell' for command environment: Not usable outside of PowerShell
[0.958s] DEBUG:colcon.colcon_core.shell:Skip shell extension 'dsv' for command environment
[0.978s] DEBUG:colcon.colcon_core.event_handler.log_command:Invoking command in '/home/user/robo/build/robo_control': CMAKE_PREFIX_PATH=/opt/ros/humble /usr/bin/cmake --build /home/user/robo/build/robo_control -- -j4 -l4
[2.825s] DEBUG:colcon.colcon_core.event_handler.log_command:Invoked command in '/home/user/robo/build/robo_control' returned '0': CMAKE_PREFIX_PATH=/opt/ros/humble /usr/bin/cmake --build /home/user/robo/build/robo_control -- -j4 -l4
[2.842s] DEBUG:colcon.colcon_core.event_handler.log_command:Invoking command in '/home/user/robo/build/robo_control': CMAKE_PREFIX_PATH=/opt/ros/humble /usr/bin/cmake --install /home/user/robo/build/robo_control
[2.864s] Level 1:colcon.colcon_core.environment:create_environment_scripts_only(robo_control)
[2.866s] DEBUG:colcon.colcon_core.event_handler.log_command:Invoked command in '/home/user/robo/build/robo_control' returned '0': CMAKE_PREFIX_PATH=/opt/ros/humble /usr/bin/cmake --install /home/user/robo/build/robo_control
[2.879s] Level 1:colcon.colcon_core.environment:checking '/home/user/robo/install/robo_control' for CMake module files
[2.879s] Level 1:colcon.colcon_core.environment:checking '/home/user/robo/install/robo_control' for CMake config files
[2.880s] Level 1:colcon.colcon_core.shell:create_environment_hook('robo_control', 'cmake_prefix_path')
[2.880s] INFO:colcon.colcon_core.shell:Creating environment hook '/home/user/robo/install/robo_control/share/robo_control/hook/cmake_prefix_path.ps1'
[2.880s] INFO:colcon.colcon_core.shell:Creating environment descriptor '/home/user/robo/install/robo_control/share/robo_control/hook/cmake_prefix_path.dsv'
[2.882s] INFO:colcon.colcon_core.shell:Creating environment hook '/home/user/robo/install/robo_control/share/robo_control/hook/cmake_prefix_path.sh'
[2.883s] Level 1:colcon.colcon_core.environment:checking '/home/user/robo/install/robo_control/lib'
[2.884s] Level 1:colcon.colcon_core.shell:create_environment_hook('robo_control', 'ld_library_path_lib')
[2.884s] INFO:colcon.colcon_core.shell:Creating environment hook '/home/user/robo/install/robo_control/share/robo_control/hook/ld_library_path_lib.ps1'
[2.886s] INFO:colcon.colcon_core.shell:Creating environment descriptor '/home/user/robo/install/robo_control/share/robo_control/hook/ld_library_path_lib.dsv'
[2.887s] INFO:colcon.colcon_core.shell:Creating environment hook '/home/user/robo/install/robo_control/share/robo_control/hook/ld_library_path_lib.sh'
[2.888s] Level 1:colcon.colcon_core.environment:checking '/home/user/robo/install/robo_control/bin'
[2.888s] Level 1:colcon.colcon_core.environment:checking '/home/user/robo/install/robo_control/lib/pkgconfig/robo_control.pc'
[2.889s] Level 1:colcon.colcon_core.environment:checking '/home/user/robo/install/robo_control/lib/python3.10/site-packages'
[2.889s] Level 1:colcon.colcon_core.environment:checking '/home/user/robo/install/robo_control/bin'
[2.890s] INFO:colcon.colcon_core.shell:Creating package script '/home/user/robo/install/robo_control/share/robo_control/package.ps1'
[2.891s] INFO:colcon.colcon_core.shell:Creating package descriptor '/home/user/robo/install/robo_control/share/robo_control/package.dsv'
[2.893s] INFO:colcon.colcon_core.shell:Creating package script '/home/user/robo/install/robo_control/share/robo_control/package.sh'
[2.894s] INFO:colcon.colcon_core.shell:Creating package script '/home/user/robo/install/robo_control/share/robo_control/package.bash'
[2.898s] INFO:colcon.colcon_core.shell:Creating package script '/home/user/robo/install/robo_control/share/robo_control/package.zsh'
[2.900s] Level 1:colcon.colcon_core.environment:create_file_with_runtime_dependencies(/home/user/robo/install/robo_control/share/colcon-core/packages/robo_control)
[2.901s] Level 1:colcon.colcon_core.environment:create_environment_scripts_only(robo_control)
[2.901s] Level 1:colcon.colcon_core.environment:checking '/home/user/robo/install/robo_control' for CMake module files
[2.902s] Level 1:colcon.colcon_core.environment:checking '/home/user/robo/install/robo_control' for CMake config files
[2.902s] Level 1:colcon.colcon_core.shell:create_environment_hook('robo_control', 'cmake_prefix_path')
[2.903s] INFO:colcon.colcon_core.shell:Creating environment hook '/home/user/robo/install/robo_control/share/robo_control/hook/cmake_prefix_path.ps1'
[2.904s] INFO:colcon.colcon_core.shell:Creating environment descriptor '/home/user/robo/install/robo_control/share/robo_control/hook/cmake_prefix_path.dsv'
[2.907s] INFO:colcon.colcon_core.shell:Creating environment hook '/home/user/robo/install/robo_control/share/robo_control/hook/cmake_prefix_path.sh'
[2.908s] Level 1:colcon.colcon_core.environment:checking '/home/user/robo/install/robo_control/lib'
[2.908s] Level 1:colcon.colcon_core.shell:create_environment_hook('robo_control', 'ld_library_path_lib')
[2.909s] INFO:colcon.colcon_core.shell:Creating environment hook '/home/user/robo/install/robo_control/share/robo_control/hook/ld_library_path_lib.ps1'
[2.909s] INFO:colcon.colcon_core.shell:Creating environment descriptor '/home/user/robo/install/robo_control/share/robo_control/hook/ld_library_path_lib.dsv'
[2.910s] INFO:colcon.colcon_core.shell:Creating environment hook '/home/user/robo/install/robo_control/share/robo_control/hook/ld_library_path_lib.sh'
[2.910s] Level 1:colcon.colcon_core.environment:checking '/home/user/robo/install/robo_control/bin'
[2.910s] Level 1:colcon.colcon_core.environment:checking '/home/user/robo/install/robo_control/lib/pkgconfig/robo_control.pc'
[2.911s] Level 1:colcon.colcon_core.environment:checking '/home/user/robo/install/robo_control/lib/python3.10/site-packages'
[2.911s] Level 1:colcon.colcon_core.environment:checking '/home/user/robo/install/robo_control/bin'
[2.911s] INFO:colcon.colcon_core.shell:Creating package script '/home/user/robo/install/robo_control/share/robo_control/package.ps1'
[2.912s] INFO:colcon.colcon_core.shell:Creating package descriptor '/home/user/robo/install/robo_control/share/robo_control/package.dsv'
[2.913s] INFO:colcon.colcon_core.shell:Creating package script '/home/user/robo/install/robo_control/share/robo_control/package.sh'
[2.914s] INFO:colcon.colcon_core.shell:Creating package script '/home/user/robo/install/robo_control/share/robo_control/package.bash'
[2.917s] INFO:colcon.colcon_core.shell:Creating package script '/home/user/robo/install/robo_control/share/robo_control/package.zsh'
[2.918s] Level 1:colcon.colcon_core.environment:create_file_with_runtime_dependencies(/home/user/robo/install/robo_control/share/colcon-core/packages/robo_control)
[2.919s] DEBUG:colcon.colcon_parallel_executor.executor.parallel:closing loop
[2.919s] DEBUG:colcon.colcon_parallel_executor.executor.parallel:loop closed
[2.919s] DEBUG:colcon.colcon_parallel_executor.executor.parallel:run_until_complete finished with '0'
[2.919s] DEBUG:colcon.colcon_core.event_reactor:joining thread
[2.937s] INFO:colcon.colcon_core.plugin_system:Skipping extension 'colcon_notification.desktop_notification.terminal_notifier': Not used on non-Darwin systems
[2.938s] INFO:colcon.colcon_core.plugin_system:Skipping extension 'colcon_notification.desktop_notification.win32': Not used on non-Windows systems
[2.938s] INFO:colcon.colcon_notification.desktop_notification:Sending desktop notification using 'notify2'
[2.968s] DEBUG:colcon.colcon_core.event_reactor:joined thread
[2.969s] INFO:colcon.colcon_core.shell:Creating prefix script '/home/user/robo/install/local_setup.ps1'
[2.971s] INFO:colcon.colcon_core.shell:Creating prefix util module '/home/user/robo/install/_local_setup_util_ps1.py'
[2.976s] INFO:colcon.colcon_core.shell:Creating prefix chain script '/home/user/robo/install/setup.ps1'
[2.978s] INFO:colcon.colcon_core.shell:Creating prefix script '/home/user/robo/install/local_setup.sh'
[2.980s] INFO:colcon.colcon_core.shell:Creating prefix util module '/home/user/robo/install/_local_setup_util_sh.py'
[2.982s] INFO:colcon.colcon_core.shell:Creating prefix chain script '/home/user/robo/install/setup.sh'
[2.986s] INFO:colcon.colcon_core.shell:Creating prefix script '/home/user/robo/install/local_setup.bash'
[2.987s] INFO:colcon.colcon_core.shell:Creating prefix chain script '/home/user/robo/install/setup.bash'
[2.989s] INFO:colcon.colcon_core.shell:Creating prefix script '/home/user/robo/install/local_setup.zsh'
[2.991s] INFO:colcon.colcon_core.shell:Creating prefix chain script '/home/user/robo/install/setup.zsh'
