[0.032s] Invoking command in '/home/user/robo/build/robo_control': CMAKE_PREFIX_PATH=${CMAKE_PREFIX_PATH}:/opt/ros/humble /usr/bin/cmake --build /home/user/robo/build/robo_control -- -j4 -l4
[0.109s] -- Found ament_cmake: 1.3.12 (/opt/ros/humble/share/ament_cmake/cmake)
[0.360s] -- Found rclcpp: 16.0.16 (/opt/ros/humble/share/rclcpp/cmake)
[0.405s] -- Found rosidl_generator_c: 3.1.7 (/opt/ros/humble/share/rosidl_generator_c/cmake)
[0.409s] -- Found rosidl_adapter: 3.1.7 (/opt/ros/humble/share/rosidl_adapter/cmake)
[0.415s] -- Found rosidl_generator_cpp: 3.1.7 (/opt/ros/humble/share/rosidl_generator_cpp/cmake)
[0.431s] -- Using all available rosidl_typesupport_c: rosidl_typesupport_fastrtps_c;rosidl_typesupport_introspection_c
[0.451s] -- Using all available rosidl_typesupport_cpp: rosidl_typesupport_fastrtps_cpp;rosidl_typesupport_introspection_cpp
[0.500s] -- Found rmw_implementation_cmake: 6.1.2 (/opt/ros/humble/share/rmw_implementation_cmake/cmake)
[0.503s] -- Found rmw_fastrtps_cpp: 6.2.9 (/opt/ros/humble/share/rmw_fastrtps_cpp/cmake)
[0.682s] -- Using RMW implementation 'rmw_fastrtps_cpp' as default
[0.756s] -- Found controller_interface: 2.52.2 (/opt/ros/humble/share/controller_interface/cmake)
[0.936s] -- Found ament_lint_auto: 0.12.14 (/opt/ros/humble/share/ament_lint_auto/cmake)
[1.040s] -- Added test 'cppcheck' to perform static code analysis on C / C++ code
[1.040s] -- Configured cppcheck include dirs: 
[1.040s] -- Configured cppcheck exclude dirs and/or files: 
[1.041s] -- Added test 'flake8' to check Python code syntax and style conventions
[1.042s] -- Added test 'lint_cmake' to check CMake code style
[1.043s] -- Added test 'pep257' to check Python code against some of the docstring style conventions in PEP 257
[1.046s] -- Added test 'uncrustify' to check C / C++ code style
[1.046s] -- Configured uncrustify additional arguments: 
[1.048s] -- Added test 'xmllint' to check XML markup files
[1.053s] -- Configuring done
[1.074s] -- Generating done
[1.084s] -- Build files have been written to: /home/user/robo/build/robo_control
[1.139s] [35m[1mConsolidate compiler generated dependencies of target hardware[0m
[1.178s] [100%] Built target hardware
[1.201s] Invoked command in '/home/user/robo/build/robo_control' returned '0': CMAKE_PREFIX_PATH=${CMAKE_PREFIX_PATH}:/opt/ros/humble /usr/bin/cmake --build /home/user/robo/build/robo_control -- -j4 -l4
[1.222s] Invoking command in '/home/user/robo/build/robo_control': CMAKE_PREFIX_PATH=${CMAKE_PREFIX_PATH}:/opt/ros/humble /usr/bin/cmake --install /home/user/robo/build/robo_control
[1.241s] -- Install configuration: ""
[1.241s] -- Up-to-date: /home/user/robo/install/robo_control/share/robo_control/hardware.xml
[1.241s] -- Up-to-date: /home/user/robo/install/robo_control/share/robo_control/launch
[1.242s] -- Installing: /home/user/robo/install/robo_control/share/robo_control/launch/control.launch.py
[1.242s] -- Up-to-date: /home/user/robo/install/robo_control/share/robo_control/launch/control_no_rviz.launch.py
[1.242s] -- Up-to-date: /home/user/robo/install/robo_control/share/robo_control/urdf
[1.242s] -- Up-to-date: /home/user/robo/install/robo_control/share/robo_control/urdf/robo.urdf
[1.242s] -- Up-to-date: /home/user/robo/install/robo_control/share/robo_control/config
[1.242s] -- Up-to-date: /home/user/robo/install/robo_control/share/robo_control/config/controllers.yaml
[1.243s] -- Up-to-date: /home/user/robo/install/robo_control/share/robo_control/rviz
[1.243s] -- Up-to-date: /home/user/robo/install/robo_control/share/robo_control/rviz/robo.rviz
[1.245s] -- Up-to-date: /home/user/robo/install/robo_control/lib/robo_control/simple_odom.py
[1.245s] -- Up-to-date: /home/user/robo/install/robo_control/lib/robo_control/figure8.py
[1.245s] -- Installing: /home/user/robo/install/robo_control/lib/robo_control/odom_to_path.py
[1.245s] -- Up-to-date: /home/user/robo/install/robo_control/lib/libhardware.so
[1.245s] -- Up-to-date: /home/user/robo/install/robo_control/share/robo_control/hardware.xml
[1.245s] -- Up-to-date: /home/user/robo/install/robo_control/share/robo_control/environment/library_path.sh
[1.245s] -- Installing: /home/user/robo/install/robo_control/share/robo_control/environment/library_path.dsv
[1.247s] -- Up-to-date: /home/user/robo/install/robo_control/share/ament_index/resource_index/package_run_dependencies/robo_control
[1.247s] -- Up-to-date: /home/user/robo/install/robo_control/share/ament_index/resource_index/parent_prefix_path/robo_control
[1.247s] -- Up-to-date: /home/user/robo/install/robo_control/share/robo_control/environment/ament_prefix_path.sh
[1.247s] -- Installing: /home/user/robo/install/robo_control/share/robo_control/environment/ament_prefix_path.dsv
[1.247s] -- Up-to-date: /home/user/robo/install/robo_control/share/robo_control/environment/path.sh
[1.247s] -- Installing: /home/user/robo/install/robo_control/share/robo_control/environment/path.dsv
[1.247s] -- Up-to-date: /home/user/robo/install/robo_control/share/robo_control/local_setup.bash
[1.247s] -- Up-to-date: /home/user/robo/install/robo_control/share/robo_control/local_setup.sh
[1.248s] -- Up-to-date: /home/user/robo/install/robo_control/share/robo_control/local_setup.zsh
[1.248s] -- Installing: /home/user/robo/install/robo_control/share/robo_control/local_setup.dsv
[1.249s] -- Installing: /home/user/robo/install/robo_control/share/robo_control/package.dsv
[1.250s] -- Up-to-date: /home/user/robo/install/robo_control/share/ament_index/resource_index/packages/robo_control
[1.250s] -- Up-to-date: /home/user/robo/install/robo_control/share/ament_index/resource_index/hardware_interface__pluginlib__plugin/robo_control
[1.250s] -- Up-to-date: /home/user/robo/install/robo_control/share/robo_control/cmake/ament_cmake_export_libraries-extras.cmake
[1.250s] -- Up-to-date: /home/user/robo/install/robo_control/share/robo_control/cmake/ament_cmake_export_dependencies-extras.cmake
[1.250s] -- Up-to-date: /home/user/robo/install/robo_control/share/robo_control/cmake/robo_controlConfig.cmake
[1.250s] -- Up-to-date: /home/user/robo/install/robo_control/share/robo_control/cmake/robo_controlConfig-version.cmake
[1.250s] -- Up-to-date: /home/user/robo/install/robo_control/share/robo_control/package.xml
[1.251s] Invoked command in '/home/user/robo/build/robo_control' returned '0': CMAKE_PREFIX_PATH=${CMAKE_PREFIX_PATH}:/opt/ros/humble /usr/bin/cmake --install /home/user/robo/build/robo_control
