[0.024s] Invoking command in '/home/user/robo/build/robo_control': CMAKE_PREFIX_PATH=/opt/ros/humble /usr/bin/cmake --build /home/user/robo/build/robo_control -- -j4 -l4
[0.200s] -- Found ament_cmake: 1.3.12 (/opt/ros/humble/share/ament_cmake/cmake)
[0.394s] -- Found rclcpp: 16.0.16 (/opt/ros/humble/share/rclcpp/cmake)
[0.472s] -- Found rosidl_generator_c: 3.1.7 (/opt/ros/humble/share/rosidl_generator_c/cmake)
[0.477s] -- Found rosidl_adapter: 3.1.7 (/opt/ros/humble/share/rosidl_adapter/cmake)
[0.490s] -- Found rosidl_generator_cpp: 3.1.7 (/opt/ros/humble/share/rosidl_generator_cpp/cmake)
[0.511s] -- Using all available rosidl_typesupport_c: rosidl_typesupport_fastrtps_c;rosidl_typesupport_introspection_c
[0.542s] -- Using all available rosidl_typesupport_cpp: rosidl_typesupport_fastrtps_cpp;rosidl_typesupport_introspection_cpp
[0.610s] -- Found rmw_implementation_cmake: 6.1.2 (/opt/ros/humble/share/rmw_implementation_cmake/cmake)
[0.614s] -- Found rmw_fastrtps_cpp: 6.2.9 (/opt/ros/humble/share/rmw_fastrtps_cpp/cmake)
[0.765s] -- Using RMW implementation 'rmw_fastrtps_cpp' as default
[0.855s] -- Found controller_interface: 2.52.2 (/opt/ros/humble/share/controller_interface/cmake)
[1.130s] -- Found ament_lint_auto: 0.12.14 (/opt/ros/humble/share/ament_lint_auto/cmake)
[1.247s] -- Added test 'cppcheck' to perform static code analysis on C / C++ code
[1.247s] -- Configured cppcheck include dirs: 
[1.248s] -- Configured cppcheck exclude dirs and/or files: 
[1.248s] -- Added test 'flake8' to check Python code syntax and style conventions
[1.249s] -- Added test 'lint_cmake' to check CMake code style
[1.250s] -- Added test 'pep257' to check Python code against some of the docstring style conventions in PEP 257
[1.256s] -- Added test 'uncrustify' to check C / C++ code style
[1.256s] -- Configured uncrustify additional arguments: 
[1.256s] -- Added test 'xmllint' to check XML markup files
[1.264s] -- Configuring done
[1.298s] -- Generating done
[1.310s] -- Build files have been written to: /home/user/robo/build/robo_control
[1.362s] [35m[1mConsolidate compiler generated dependencies of target hardware[0m
[1.419s] [ 50%] [32mBuilding CXX object CMakeFiles/hardware.dir/src/hardware.cpp.o[0m
[5.927s] [100%] [32m[1mLinking CXX shared library libhardware.so[0m
[6.231s] [100%] Built target hardware
[6.249s] Invoked command in '/home/user/robo/build/robo_control' returned '0': CMAKE_PREFIX_PATH=/opt/ros/humble /usr/bin/cmake --build /home/user/robo/build/robo_control -- -j4 -l4
[6.271s] Invoking command in '/home/user/robo/build/robo_control': CMAKE_PREFIX_PATH=/opt/ros/humble /usr/bin/cmake --install /home/user/robo/build/robo_control
[6.284s] -- Install configuration: ""
[6.284s] -- Up-to-date: /home/user/robo/install/robo_control/share/robo_control/hardware.xml
[6.284s] -- Up-to-date: /home/user/robo/install/robo_control/share/robo_control/launch
[6.284s] -- Installing: /home/user/robo/install/robo_control/share/robo_control/launch/control.launch.py
[6.285s] -- Up-to-date: /home/user/robo/install/robo_control/share/robo_control/urdf
[6.285s] -- Installing: /home/user/robo/install/robo_control/share/robo_control/urdf/robo.urdf
[6.285s] -- Up-to-date: /home/user/robo/install/robo_control/share/robo_control/config
[6.286s] -- Installing: /home/user/robo/install/robo_control/share/robo_control/config/controllers.yaml
[6.287s] -- Installing: /home/user/robo/install/robo_control/lib/libhardware.so
[6.288s] -- Set runtime path of "/home/user/robo/install/robo_control/lib/libhardware.so" to ""
[6.289s] -- Up-to-date: /home/user/robo/install/robo_control/share/robo_control/hardware.xml
[6.289s] -- Installing: /home/user/robo/install/robo_control/share/robo_control/environment/library_path.sh
[6.290s] -- Installing: /home/user/robo/install/robo_control/share/robo_control/environment/library_path.dsv
[6.290s] -- Installing: /home/user/robo/install/robo_control/share/ament_index/resource_index/package_run_dependencies/robo_control
[6.293s] -- Installing: /home/user/robo/install/robo_control/share/ament_index/resource_index/parent_prefix_path/robo_control
[6.293s] -- Up-to-date: /home/user/robo/install/robo_control/share/robo_control/environment/ament_prefix_path.sh
[6.293s] -- Installing: /home/user/robo/install/robo_control/share/robo_control/environment/ament_prefix_path.dsv
[6.293s] -- Up-to-date: /home/user/robo/install/robo_control/share/robo_control/environment/path.sh
[6.293s] -- Installing: /home/user/robo/install/robo_control/share/robo_control/environment/path.dsv
[6.293s] -- Up-to-date: /home/user/robo/install/robo_control/share/robo_control/local_setup.bash
[6.293s] -- Installing: /home/user/robo/install/robo_control/share/robo_control/local_setup.sh
[6.293s] -- Up-to-date: /home/user/robo/install/robo_control/share/robo_control/local_setup.zsh
[6.293s] -- Installing: /home/user/robo/install/robo_control/share/robo_control/local_setup.dsv
[6.293s] -- Installing: /home/user/robo/install/robo_control/share/robo_control/package.dsv
[6.293s] -- Up-to-date: /home/user/robo/install/robo_control/share/ament_index/resource_index/packages/robo_control
[6.294s] -- Installing: /home/user/robo/install/robo_control/share/ament_index/resource_index/hardware_interface__pluginlib__plugin/robo_control
[6.294s] -- Installing: /home/user/robo/install/robo_control/share/robo_control/cmake/ament_cmake_export_libraries-extras.cmake
[6.294s] -- Installing: /home/user/robo/install/robo_control/share/robo_control/cmake/ament_cmake_export_dependencies-extras.cmake
[6.294s] -- Installing: /home/user/robo/install/robo_control/share/robo_control/cmake/robo_controlConfig.cmake
[6.294s] -- Up-to-date: /home/user/robo/install/robo_control/share/robo_control/cmake/robo_controlConfig-version.cmake
[6.294s] -- Installing: /home/user/robo/install/robo_control/share/robo_control/package.xml
[6.298s] Invoked command in '/home/user/robo/build/robo_control' returned '0': CMAKE_PREFIX_PATH=/opt/ros/humble /usr/bin/cmake --install /home/user/robo/build/robo_control
